[01.10.2019 21:00:06.176] [System.Uri.CreateThis()] System.UriFormatException: Недопустимый URI: URI пуст.
   в System.Uri.CreateThis(String uri, Boolean dontEscape, UriKind uriKind)
   в System.Uri..ctor(String uriString)
   в OlibUpdater.MainWindow.<InstallUpdate>d__4.MoveNext() в E:\Olib\OlibUpdater\MainWindow.xaml.cs:строка 37
--- Конец трассировка стека из предыдущего расположения, где возникло исключение ---
   в System.Runtime.CompilerServices.TaskAwaiter.ThrowForNonSuccess(Task task)
   в System.Runtime.CompilerServices.TaskAwaiter.HandleNonSuccessAndDebuggerNotification(Task task)
   в OlibUpdater.MainWindow.<DoubleAnimation_Completed>d__5.MoveNext() в E:\Olib\OlibUpdater\MainWindow.xaml.cs:строка 67
--- Конец трассировка стека из предыдущего расположения, где возникло исключение ---
   в System.Runtime.CompilerServices.AsyncMethodBuilderCore.<>c.<ThrowAsync>b__6_0(Object state)
   в System.Windows.Threading.ExceptionWrapper.InternalRealCall(Delegate callback, Object args, Int32 numArgs)
   в System.Windows.Threading.ExceptionWrapper.TryCatchWhen(Object source, Delegate callback, Object args, Int32 numArgs, Delegate catchHandler) 
 Операционная система: Microsoft Windows NT 6.2.9200.0 
 Имеет 64-bit? — Да 
 Версия, используемой для программы, .NET Framework: 4.0.30319.42000 

[01.10.2019 21:00:53.999] [System.Uri.CreateThis()] System.UriFormatException: Недопустимый URI: Недопустимая схема URI.
   в System.Uri.CreateThis(String uri, Boolean dontEscape, UriKind uriKind)
   в System.Uri..ctor(String uriString)
   в OlibUpdater.MainWindow.<InstallUpdate>d__4.MoveNext() в E:\Olib\OlibUpdater\MainWindow.xaml.cs:строка 47
--- Конец трассировка стека из предыдущего расположения, где возникло исключение ---
   в System.Runtime.CompilerServices.TaskAwaiter.ThrowForNonSuccess(Task task)
   в System.Runtime.CompilerServices.TaskAwaiter.HandleNonSuccessAndDebuggerNotification(Task task)
   в OlibUpdater.MainWindow.<DoubleAnimation_Completed>d__5.MoveNext() в E:\Olib\OlibUpdater\MainWindow.xaml.cs:строка 66
--- Конец трассировка стека из предыдущего расположения, где возникло исключение ---
   в System.Runtime.CompilerServices.AsyncMethodBuilderCore.<>c.<ThrowAsync>b__6_0(Object state)
   в System.Windows.Threading.ExceptionWrapper.InternalRealCall(Delegate callback, Object args, Int32 numArgs)
   в System.Windows.Threading.ExceptionWrapper.TryCatchWhen(Object source, Delegate callback, Object args, Int32 numArgs, Delegate catchHandler) 
 Операционная система: Microsoft Windows NT 6.2.9200.0 
 Имеет 64-bit? — Да 
 Версия, используемой для программы, .NET Framework: 4.0.30319.42000 

[01.10.2019 21:01:37.467] [System.Uri.CreateThis()] System.UriFormatException: Недопустимый URI: Недопустимая схема URI.
   в System.Uri.CreateThis(String uri, Boolean dontEscape, UriKind uriKind)
   в System.Uri..ctor(String uriString)
   в OlibUpdater.MainWindow.<InstallUpdate>d__4.MoveNext() в E:\Olib\OlibUpdater\MainWindow.xaml.cs:строка 47
--- Конец трассировка стека из предыдущего расположения, где возникло исключение ---
   в System.Runtime.CompilerServices.TaskAwaiter.ThrowForNonSuccess(Task task)
   в System.Runtime.CompilerServices.TaskAwaiter.HandleNonSuccessAndDebuggerNotification(Task task)
   в OlibUpdater.MainWindow.<DoubleAnimation_Completed>d__5.MoveNext() в E:\Olib\OlibUpdater\MainWindow.xaml.cs:строка 66
--- Конец трассировка стека из предыдущего расположения, где возникло исключение ---
   в System.Runtime.CompilerServices.AsyncMethodBuilderCore.<>c.<ThrowAsync>b__6_0(Object state)
   в System.Windows.Threading.ExceptionWrapper.InternalRealCall(Delegate callback, Object args, Int32 numArgs)
   в System.Windows.Threading.ExceptionWrapper.TryCatchWhen(Object source, Delegate callback, Object args, Int32 numArgs, Delegate catchHandler) 
 Операционная система: Microsoft Windows NT 6.2.9200.0 
 Имеет 64-bit? — Да 
 Версия, используемой для программы, .NET Framework: 4.0.30319.42000 

