[01.10.2019 22:27:47.226] [System.ThrowHelper.ThrowArgumentException()] System.ArgumentException: Элемент с тем же ключом уже был добавлен.
   в System.ThrowHelper.ThrowArgumentException(ExceptionResource resource)
   в System.Collections.Generic.Dictionary`2.Insert(TKey key, TValue value, Boolean add)
   в System.Collections.Generic.Dictionary`2.Add(TKey key, TValue value)
   в OlibUpdater.MainWindow.<InstallUpdate>d__4.MoveNext() в E:\Olib\OlibUpdater\MainWindow.xaml.cs:строка 48
--- Конец трассировка стека из предыдущего расположения, где возникло исключение ---
   в System.Runtime.CompilerServices.TaskAwaiter.ThrowForNonSuccess(Task task)
   в System.Runtime.CompilerServices.TaskAwaiter.HandleNonSuccessAndDebuggerNotification(Task task)
   в System.Runtime.CompilerServices.TaskAwaiter.GetResult()
   в OlibUpdater.MainWindow.<DoubleAnimation_Completed>d__5.MoveNext() в E:\Olib\OlibUpdater\MainWindow.xaml.cs:строка 68
--- Конец трассировка стека из предыдущего расположения, где возникло исключение ---
   в System.Runtime.CompilerServices.AsyncMethodBuilderCore.<>c.<ThrowAsync>b__6_0(Object state)
   в System.Windows.Threading.ExceptionWrapper.InternalRealCall(Delegate callback, Object args, Int32 numArgs)
   в System.Windows.Threading.ExceptionWrapper.TryCatchWhen(Object source, Delegate callback, Object args, Int32 numArgs, Delegate catchHandler) 
 Операционная система: Microsoft Windows NT 6.2.9200.0 
 Имеет 64-bit? — Да 
 Версия, используемой для программы, .NET Framework: 4.0.30319.42000 

[01.10.2019 22:38:15.203] [System.Runtime.CompilerServices.TaskAwaiter.ThrowForNonSuccess()] System.Net.WebException: Исключение во время запроса WebClient. ---> System.IO.DirectoryNotFoundException: Не удалось найти часть пути "E:\ru-RU\Olib.resources.dll".
   в System.IO.__Error.WinIOError(Int32 errorCode, String maybeFullPath)
   в System.IO.FileStream.Init(String path, FileMode mode, FileAccess access, Int32 rights, Boolean useRights, FileShare share, Int32 bufferSize, FileOptions options, SECURITY_ATTRIBUTES secAttrs, String msgPath, Boolean bFromProxy, Boolean useLongPath, Boolean checkHost)
   в System.IO.FileStream..ctor(String path, FileMode mode, FileAccess access)
   в System.Net.WebClient.DownloadFileAsync(Uri address, String fileName, Object userToken)
   --- Конец трассировки внутреннего стека исключений ---
   в System.Runtime.CompilerServices.TaskAwaiter.ThrowForNonSuccess(Task task)
   в System.Runtime.CompilerServices.TaskAwaiter.HandleNonSuccessAndDebuggerNotification(Task task)
   в System.Runtime.CompilerServices.TaskAwaiter.GetResult()
   в OlibUpdater.MainWindow.<InstallUpdate>d__4.MoveNext() в E:\Olib\OlibUpdater\MainWindow.xaml.cs:строка 58
--- Конец трассировка стека из предыдущего расположения, где возникло исключение ---
   в System.Runtime.CompilerServices.TaskAwaiter.ThrowForNonSuccess(Task task)
   в System.Runtime.CompilerServices.TaskAwaiter.HandleNonSuccessAndDebuggerNotification(Task task)
   в System.Runtime.CompilerServices.TaskAwaiter.GetResult()
   в OlibUpdater.MainWindow.<DoubleAnimation_Completed>d__5.MoveNext() в E:\Olib\OlibUpdater\MainWindow.xaml.cs:строка 65
--- Конец трассировка стека из предыдущего расположения, где возникло исключение ---
   в System.Runtime.CompilerServices.AsyncMethodBuilderCore.<>c.<ThrowAsync>b__6_0(Object state)
   в System.Windows.Threading.ExceptionWrapper.InternalRealCall(Delegate callback, Object args, Int32 numArgs)
   в System.Windows.Threading.ExceptionWrapper.TryCatchWhen(Object source, Delegate callback, Object args, Int32 numArgs, Delegate catchHandler) 
 Операционная система: Microsoft Windows NT 6.2.9200.0 
 Имеет 64-bit? — Да 
 Версия, используемой для программы, .NET Framework: 4.0.30319.42000 

[01.10.2019 22:40:45.464] [System.Runtime.CompilerServices.TaskAwaiter.ThrowForNonSuccess()] System.Net.WebException: Исключение во время запроса WebClient. ---> System.IO.DirectoryNotFoundException: Не удалось найти часть пути "E:\ru-RU\Olib.resources.dll".
   в System.IO.__Error.WinIOError(Int32 errorCode, String maybeFullPath)
   в System.IO.FileStream.Init(String path, FileMode mode, FileAccess access, Int32 rights, Boolean useRights, FileShare share, Int32 bufferSize, FileOptions options, SECURITY_ATTRIBUTES secAttrs, String msgPath, Boolean bFromProxy, Boolean useLongPath, Boolean checkHost)
   в System.IO.FileStream..ctor(String path, FileMode mode, FileAccess access)
   в System.Net.WebClient.DownloadFileAsync(Uri address, String fileName, Object userToken)
   --- Конец трассировки внутреннего стека исключений ---
   в System.Runtime.CompilerServices.TaskAwaiter.ThrowForNonSuccess(Task task)
   в System.Runtime.CompilerServices.TaskAwaiter.HandleNonSuccessAndDebuggerNotification(Task task)
   в System.Runtime.CompilerServices.TaskAwaiter.GetResult()
   в OlibUpdater.MainWindow.<InstallUpdate>d__4.MoveNext() в E:\Olib\OlibUpdater\MainWindow.xaml.cs:строка 54
--- Конец трассировка стека из предыдущего расположения, где возникло исключение ---
   в System.Runtime.CompilerServices.TaskAwaiter.ThrowForNonSuccess(Task task)
   в System.Runtime.CompilerServices.TaskAwaiter.HandleNonSuccessAndDebuggerNotification(Task task)
   в System.Runtime.CompilerServices.TaskAwaiter.GetResult()
   в OlibUpdater.MainWindow.<DoubleAnimation_Completed>d__5.MoveNext() в E:\Olib\OlibUpdater\MainWindow.xaml.cs:строка 63
--- Конец трассировка стека из предыдущего расположения, где возникло исключение ---
   в System.Runtime.CompilerServices.AsyncMethodBuilderCore.<>c.<ThrowAsync>b__6_0(Object state)
   в System.Windows.Threading.ExceptionWrapper.InternalRealCall(Delegate callback, Object args, Int32 numArgs)
   в System.Windows.Threading.ExceptionWrapper.TryCatchWhen(Object source, Delegate callback, Object args, Int32 numArgs, Delegate catchHandler) 
 Операционная система: Microsoft Windows NT 6.2.9200.0 
 Имеет 64-bit? — Да 
 Версия, используемой для программы, .NET Framework: 4.0.30319.42000 

[01.10.2019 22:51:01.535] [System.Runtime.CompilerServices.TaskAwaiter.ThrowForNonSuccess()] System.Net.WebException: Исключение во время запроса WebClient. ---> System.IO.DirectoryNotFoundException: Не удалось найти часть пути "E:\Olib\OlibUpdater\bin\Debug\ru-RU\Olib.resources.dll".
   в System.IO.__Error.WinIOError(Int32 errorCode, String maybeFullPath)
   в System.IO.FileStream.Init(String path, FileMode mode, FileAccess access, Int32 rights, Boolean useRights, FileShare share, Int32 bufferSize, FileOptions options, SECURITY_ATTRIBUTES secAttrs, String msgPath, Boolean bFromProxy, Boolean useLongPath, Boolean checkHost)
   в System.IO.FileStream..ctor(String path, FileMode mode, FileAccess access)
   в System.Net.WebClient.DownloadFileAsync(Uri address, String fileName, Object userToken)
   --- Конец трассировки внутреннего стека исключений ---
   в System.Runtime.CompilerServices.TaskAwaiter.ThrowForNonSuccess(Task task)
   в System.Runtime.CompilerServices.TaskAwaiter.HandleNonSuccessAndDebuggerNotification(Task task)
   в System.Runtime.CompilerServices.TaskAwaiter.GetResult()
   в OlibUpdater.MainWindow.<InstallUpdate>d__4.MoveNext() в E:\Olib\OlibUpdater\MainWindow.xaml.cs:строка 60
--- Конец трассировка стека из предыдущего расположения, где возникло исключение ---
   в System.Runtime.CompilerServices.TaskAwaiter.ThrowForNonSuccess(Task task)
   в System.Runtime.CompilerServices.TaskAwaiter.HandleNonSuccessAndDebuggerNotification(Task task)
   в System.Runtime.CompilerServices.TaskAwaiter.GetResult()
   в OlibUpdater.MainWindow.<DoubleAnimation_Completed>d__5.MoveNext() в E:\Olib\OlibUpdater\MainWindow.xaml.cs:строка 69
--- Конец трассировка стека из предыдущего расположения, где возникло исключение ---
   в System.Runtime.CompilerServices.AsyncMethodBuilderCore.<>c.<ThrowAsync>b__6_0(Object state)
   в System.Windows.Threading.ExceptionWrapper.InternalRealCall(Delegate callback, Object args, Int32 numArgs)
   в System.Windows.Threading.ExceptionWrapper.TryCatchWhen(Object source, Delegate callback, Object args, Int32 numArgs, Delegate catchHandler) 
 Операционная система: Microsoft Windows NT 6.2.9200.0 
 Имеет 64-bit? — Да 
 Версия, используемой для программы, .NET Framework: 4.0.30319.42000 

