[29.09.2019 09:53:54.766] [System.RuntimeTypeHandle.CreateInstance()] System.Reflection.TargetInvocationException: Адресат вызова создал исключение. ---> System.NullReferenceException: Ссылка на объект не указывает на экземпляр объекта.
   в Olib.Pages.dataParser.Combo_SelectionChanged(Object sender, SelectionChangedEventArgs e) в E:\Olib\Olib\Pages\dataParser.xaml.cs:строка 76
   в System.Windows.Controls.SelectionChangedEventArgs.InvokeEventHandler(Delegate genericHandler, Object genericTarget)
   в System.Windows.RoutedEventArgs.InvokeHandler(Delegate handler, Object target)
   в System.Windows.RoutedEventHandlerInfo.InvokeHandler(Object target, RoutedEventArgs routedEventArgs)
   в System.Windows.EventRoute.InvokeHandlersImpl(Object source, RoutedEventArgs args, Boolean reRaised)
   в System.Windows.UIElement.RaiseEventImpl(DependencyObject sender, RoutedEventArgs args)
   в System.Windows.UIElement.RaiseEvent(RoutedEventArgs e)
   в System.Windows.Controls.ComboBox.OnSelectionChanged(SelectionChangedEventArgs e)
   в System.Windows.Controls.Primitives.Selector.InvokeSelectionChanged(List`1 unselectedInfos, List`1 selectedInfos)
   в System.Windows.Controls.Primitives.Selector.SelectionChanger.End()
   в System.Windows.Controls.Primitives.Selector.SelectionChanger.SelectJustThisItem(ItemInfo info, Boolean assumeInItemsCollection)
   в System.Windows.Controls.Primitives.Selector.OnSelectedIndexChanged(DependencyObject d, DependencyPropertyChangedEventArgs e)
   в System.Windows.DependencyObject.OnPropertyChanged(DependencyPropertyChangedEventArgs e)
   в System.Windows.FrameworkElement.OnPropertyChanged(DependencyPropertyChangedEventArgs e)
   в System.Windows.DependencyObject.NotifyPropertyChange(DependencyPropertyChangedEventArgs args)
   в System.Windows.DependencyObject.UpdateEffectiveValue(EntryIndex entryIndex, DependencyProperty dp, PropertyMetadata metadata, EffectiveValueEntry oldEntry, EffectiveValueEntry& newEntry, Boolean coerceWithDeferredReference, Boolean coerceWithCurrentValue, OperationType operationType)
   в System.Windows.DependencyObject.CoerceValue(DependencyProperty dp)
   в System.Windows.Controls.Primitives.Selector.OnItemsChanged(NotifyCollectionChangedEventArgs e)
   в System.Windows.Controls.ItemsControl.OnItemCollectionChanged2(Object sender, NotifyCollectionChangedEventArgs e)
   в System.Collections.Specialized.NotifyCollectionChangedEventHandler.Invoke(Object sender, NotifyCollectionChangedEventArgs e)
   в System.Windows.Data.CollectionView.OnCollectionChanged(NotifyCollectionChangedEventArgs args)
   в System.Windows.Controls.ItemCollection.RefreshOverride()
   в System.Windows.Data.CollectionView.RefreshInternal()
   в System.Windows.Data.CollectionView.Refresh()
   в System.Windows.Controls.ItemCollection.EndInit()
   в System.Windows.Controls.ItemsControl.EndInit()
   в MS.Internal.Xaml.Runtime.ClrObjectRuntime.InitializationGuard(XamlType xamlType, Object obj, Boolean begin)
   в MS.Internal.Xaml.Runtime.PartialTrustTolerantRuntime.InitializationGuard(XamlType xamlType, Object obj, Boolean begin)
   в System.Xaml.XamlObjectWriter.Logic_EndInit(ObjectWriterContext ctx)
   в System.Xaml.XamlObjectWriter.WriteEndObject()
   в System.Xaml.XamlWriter.WriteNode(XamlReader reader)
   в System.Windows.Markup.WpfXamlLoader.TransformNodes(XamlReader xamlReader, XamlObjectWriter xamlWriter, Boolean onlyLoadOneNode, Boolean skipJournaledProperties, Boolean shouldPassLineNumberInfo, IXamlLineInfo xamlLineInfo, IXamlLineInfoConsumer xamlLineInfoConsumer, XamlContextStack`1 stack, IStyleConnector styleConnector)
   в System.Windows.Markup.WpfXamlLoader.Load(XamlReader xamlReader, IXamlObjectWriterFactory writerFactory, Boolean skipJournaledProperties, Object rootObject, XamlObjectWriterSettings settings, Uri baseUri)
   в System.Windows.Markup.WpfXamlLoader.LoadBaml(XamlReader xamlReader, Boolean skipJournaledProperties, Object rootObject, XamlAccessLevel accessLevel, Uri baseUri)
   в System.Windows.Markup.XamlReader.LoadBaml(Stream stream, ParserContext parserContext, Object parent, Boolean closeStream)
   в System.Windows.Application.LoadComponent(Object component, Uri resourceLocator)
   в Olib.Pages.dataParser.InitializeComponent() в E:\Olib\Olib\Pages\dataParser.xaml:строка 1
   в Olib.Pages.dataParser..ctor() в E:\Olib\Olib\Pages\dataParser.xaml.cs:строка 30
   --- Конец трассировки внутреннего стека исключений ---
   в System.RuntimeTypeHandle.CreateInstance(RuntimeType type, Boolean publicOnly, Boolean noCheck, Boolean& canBeCached, RuntimeMethodHandleInternal& ctor, Boolean& bNeedSecurityCheck)
   в System.RuntimeType.CreateInstanceSlow(Boolean publicOnly, Boolean skipCheckThis, Boolean fillCache, StackCrawlMark& stackMark)
   в System.RuntimeType.CreateInstanceDefaultCtor(Boolean publicOnly, Boolean skipCheckThis, Boolean fillCache, StackCrawlMark& stackMark)
   в System.Activator.CreateInstance(Type type, Boolean nonPublic)
   в System.RuntimeType.CreateInstanceImpl(BindingFlags bindingAttr, Binder binder, Object[] args, CultureInfo culture, Object[] activationAttributes, StackCrawlMark& stackMark)
   в System.Activator.CreateInstance(Type type, BindingFlags bindingAttr, Binder binder, Object[] args, CultureInfo culture, Object[] activationAttributes)
   в System.Activator.CreateInstance(Type type, Object[] args)
   в System.Xaml.Schema.SafeReflectionInvoker.CreateInstanceCritical(Type type, Object[] arguments)
   в System.Xaml.Schema.SafeReflectionInvoker.CreateInstance(Type type, Object[] arguments)
   в System.Xaml.Schema.XamlTypeInvoker.CreateInstance(Object[] arguments)
   в MS.Internal.Xaml.Runtime.ClrObjectRuntime.CreateInstanceWithCtor(XamlType xamlType, Object[] args)
   в MS.Internal.Xaml.Runtime.ClrObjectRuntime.CreateInstance(XamlType xamlType, Object[] args)
   в MS.Internal.Xaml.Runtime.PartialTrustTolerantRuntime.CreateInstance(XamlType xamlType, Object[] args)
   в System.Xaml.XamlObjectWriter.Logic_CreateAndAssignToParentStart(ObjectWriterContext ctx)
   в System.Xaml.XamlObjectWriter.WriteStartMember(XamlMember property)
   в System.Xaml.XamlWriter.WriteNode(XamlReader reader)
   в System.Windows.Markup.WpfXamlLoader.TransformNodes(XamlReader xamlReader, XamlObjectWriter xamlWriter, Boolean onlyLoadOneNode, Boolean skipJournaledProperties, Boolean shouldPassLineNumberInfo, IXamlLineInfo xamlLineInfo, IXamlLineInfoConsumer xamlLineInfoConsumer, XamlContextStack`1 stack, IStyleConnector styleConnector)
   в System.Windows.Markup.WpfXamlLoader.Load(XamlReader xamlReader, IXamlObjectWriterFactory writerFactory, Boolean skipJournaledProperties, Object rootObject, XamlObjectWriterSettings settings, Uri baseUri)
   в System.Windows.Markup.WpfXamlLoader.LoadBaml(XamlReader xamlReader, Boolean skipJournaledProperties, Object rootObject, XamlAccessLevel accessLevel, Uri baseUri)
   в System.Windows.Markup.XamlReader.LoadBaml(Stream stream, ParserContext parserContext, Object parent, Boolean closeStream)
   в System.Windows.Application.LoadBamlStreamWithSyncInfo(Stream stream, ParserContext pc)
   в MS.Internal.AppModel.AppModelKnownContentFactory.BamlConverter(Stream stream, Uri baseUri, Boolean canUseTopLevelBrowser, Boolean sandboxExternalContent, Boolean allowAsync, Boolean isJournalNavigation, XamlReader& asyncObjectConverter)
   в MS.Internal.AppModel.MimeObjectFactory.GetObjectAndCloseStream(Stream s, ContentType contentType, Uri baseUri, Boolean canUseTopLevelBrowser, Boolean sandboxExternalContent, Boolean allowAsync, Boolean isJournalNavigation, XamlReader& asyncObjectConverter)
   в System.Windows.Navigation.NavigationService.GetObjectFromResponse(WebRequest request, WebResponse response, Uri destinationUri, Object navState)
   в System.Windows.Navigation.NavigationService.DoNavigate(Uri source, NavigationMode f, Object navState)
   в System.Windows.Navigation.NavigateQueueItem.Dispatch(Object obj)
   в System.Windows.Threading.ExceptionWrapper.InternalRealCall(Delegate callback, Object args, Int32 numArgs)
   в System.Windows.Threading.ExceptionWrapper.TryCatchWhen(Object source, Delegate callback, Object args, Int32 numArgs, Delegate catchHandler) 
 Операционная система: Microsoft Windows NT 6.2.9200.0 
 Имеет 64-bit? — Да 
 Версия, используемой для программы, .NET Framework: 4.0.30319.42000 

[29.09.2019 10:08:37.729] [MS.Internal.AppModel.ResourcePart.GetStreamCore()] System.IO.IOException: Не удается найти ресурс "roulettefm.xaml".
   в MS.Internal.AppModel.ResourcePart.GetStreamCore(FileMode mode, FileAccess access)
   в System.IO.Packaging.PackagePart.GetStream(FileMode mode, FileAccess access)
   в System.IO.Packaging.PackWebResponse.CachedResponse.GetResponseStream()
   в System.IO.Packaging.PackWebResponse.GetResponseStream()
   в System.IO.Packaging.PackWebResponse.get_ContentType()
   в MS.Internal.WpfWebRequestHelper.GetContentType(WebResponse response)
   в System.Windows.Navigation.NavigationService.GetObjectFromResponse(WebRequest request, WebResponse response, Uri destinationUri, Object navState)
   в System.Windows.Navigation.NavigationService.DoNavigate(Uri source, NavigationMode f, Object navState)
   в System.Windows.Navigation.NavigateQueueItem.Dispatch(Object obj)
   в System.Windows.Threading.ExceptionWrapper.InternalRealCall(Delegate callback, Object args, Int32 numArgs)
   в System.Windows.Threading.ExceptionWrapper.TryCatchWhen(Object source, Delegate callback, Object args, Int32 numArgs, Delegate catchHandler) 
 Операционная система: Microsoft Windows NT 6.2.9200.0 
 Имеет 64-bit? — Да 
 Версия, используемой для программы, .NET Framework: 4.0.30319.42000 

[29.09.2019 10:13:52.610] [MS.Internal.Helper+FindResourceHelper.DoTryCatchWhen()] System.Windows.ResourceReferenceKeyNotFoundException: Ресурс "" не найден.
   в MS.Internal.Helper.FindResourceHelper.DoTryCatchWhen(Object arg)
   в System.Windows.Threading.ExceptionWrapper.InternalRealCall(Delegate callback, Object args, Int32 numArgs)
   в System.Windows.Threading.ExceptionWrapper.TryCatchWhen(Object source, Delegate callback, Object args, Int32 numArgs, Delegate catchHandler) 
 Операционная система: Microsoft Windows NT 6.2.9200.0 
 Имеет 64-bit? — Да 
 Версия, используемой для программы, .NET Framework: 4.0.30319.42000 

[29.09.2019 10:14:19.164] [MS.Internal.Helper+FindResourceHelper.DoTryCatchWhen()] System.Windows.ResourceReferenceKeyNotFoundException: Ресурс "" не найден.
   в MS.Internal.Helper.FindResourceHelper.DoTryCatchWhen(Object arg)
   в System.Windows.Threading.ExceptionWrapper.InternalRealCall(Delegate callback, Object args, Int32 numArgs)
   в System.Windows.Threading.ExceptionWrapper.TryCatchWhen(Object source, Delegate callback, Object args, Int32 numArgs, Delegate catchHandler) 
 Операционная система: Microsoft Windows NT 6.2.9200.0 
 Имеет 64-bit? — Да 
 Версия, используемой для программы, .NET Framework: 4.0.30319.42000 

[29.09.2019 10:14:23.729] [MS.Internal.Helper+FindResourceHelper.DoTryCatchWhen()] System.Windows.ResourceReferenceKeyNotFoundException: Ресурс "G" не найден.
   в MS.Internal.Helper.FindResourceHelper.DoTryCatchWhen(Object arg)
   в System.Windows.Threading.ExceptionWrapper.InternalRealCall(Delegate callback, Object args, Int32 numArgs)
   в System.Windows.Threading.ExceptionWrapper.TryCatchWhen(Object source, Delegate callback, Object args, Int32 numArgs, Delegate catchHandler) 
 Операционная система: Microsoft Windows NT 6.2.9200.0 
 Имеет 64-bit? — Да 
 Версия, используемой для программы, .NET Framework: 4.0.30319.42000 

[29.09.2019 13:31:31.549] [Olib.Pages.rouletteFM.AllClear()] System.NullReferenceException: Ссылка на объект не указывает на экземпляр объекта.
   в Olib.Pages.rouletteFM.AllClear() в E:\Olib\Olib\Pages\rouletteFM.xaml.cs:строка 77
   в Olib.Pages.rouletteFM.ButtClick(Object sender, RoutedEventArgs e) в E:\Olib\Olib\Pages\rouletteFM.xaml.cs:строка 51
   в System.Windows.RoutedEventHandlerInfo.InvokeHandler(Object target, RoutedEventArgs routedEventArgs)
   в System.Windows.EventRoute.InvokeHandlersImpl(Object source, RoutedEventArgs args, Boolean reRaised)
   в System.Windows.UIElement.RaiseEventImpl(DependencyObject sender, RoutedEventArgs args)
   в System.Windows.UIElement.RaiseEvent(RoutedEventArgs e)
   в System.Windows.Controls.Primitives.ButtonBase.OnClick()
   в System.Windows.Controls.Button.OnClick()
   в System.Windows.Controls.Primitives.ButtonBase.OnMouseLeftButtonUp(MouseButtonEventArgs e)
   в System.Windows.UIElement.OnMouseLeftButtonUpThunk(Object sender, MouseButtonEventArgs e)
   в System.Windows.Input.MouseButtonEventArgs.InvokeEventHandler(Delegate genericHandler, Object genericTarget)
   в System.Windows.RoutedEventArgs.InvokeHandler(Delegate handler, Object target)
   в System.Windows.RoutedEventHandlerInfo.InvokeHandler(Object target, RoutedEventArgs routedEventArgs)
   в System.Windows.EventRoute.InvokeHandlersImpl(Object source, RoutedEventArgs args, Boolean reRaised)
   в System.Windows.UIElement.ReRaiseEventAs(DependencyObject sender, RoutedEventArgs args, RoutedEvent newEvent)
   в System.Windows.UIElement.OnMouseUpThunk(Object sender, MouseButtonEventArgs e)
   в System.Windows.Input.MouseButtonEventArgs.InvokeEventHandler(Delegate genericHandler, Object genericTarget)
   в System.Windows.RoutedEventArgs.InvokeHandler(Delegate handler, Object target)
   в System.Windows.RoutedEventHandlerInfo.InvokeHandler(Object target, RoutedEventArgs routedEventArgs)
   в System.Windows.EventRoute.InvokeHandlersImpl(Object source, RoutedEventArgs args, Boolean reRaised)
   в System.Windows.UIElement.RaiseEventImpl(DependencyObject sender, RoutedEventArgs args)
   в System.Windows.UIElement.RaiseTrustedEvent(RoutedEventArgs args)
   в System.Windows.UIElement.RaiseEvent(RoutedEventArgs args, Boolean trusted)
   в System.Windows.Input.InputManager.ProcessStagingArea()
   в System.Windows.Input.InputManager.ProcessInput(InputEventArgs input)
   в System.Windows.Input.InputProviderSite.ReportInput(InputReport inputReport)
   в System.Windows.Interop.HwndMouseInputProvider.ReportInput(IntPtr hwnd, InputMode mode, Int32 timestamp, RawMouseActions actions, Int32 x, Int32 y, Int32 wheel)
   в System.Windows.Interop.HwndMouseInputProvider.FilterMessage(IntPtr hwnd, WindowMessage msg, IntPtr wParam, IntPtr lParam, Boolean& handled)
   в System.Windows.Interop.HwndSource.InputFilterMessage(IntPtr hwnd, Int32 msg, IntPtr wParam, IntPtr lParam, Boolean& handled)
   в MS.Win32.HwndWrapper.WndProc(IntPtr hwnd, Int32 msg, IntPtr wParam, IntPtr lParam, Boolean& handled)
   в MS.Win32.HwndSubclass.DispatcherCallbackOperation(Object o)
   в System.Windows.Threading.ExceptionWrapper.InternalRealCall(Delegate callback, Object args, Int32 numArgs)
   в System.Windows.Threading.ExceptionWrapper.TryCatchWhen(Object source, Delegate callback, Object args, Int32 numArgs, Delegate catchHandler) 
 Операционная система: Microsoft Windows NT 6.2.9200.0 
 Имеет 64-bit? — Да 
 Версия, используемой для программы, .NET Framework: 4.0.30319.42000 

[29.09.2019 14:34:54.331] [Olib.Pages.rouletteFM.OpenRename()] System.InvalidCastException: Не удалось привести тип объекта "System.Windows.Controls.MenuItem" к типу "System.Windows.Controls.ListBox".
   в Olib.Pages.rouletteFM.OpenRename(Object sender, RoutedEventArgs e) в E:\Olib\Olib\Pages\rouletteFM.xaml.cs:строка 138
   в System.Windows.RoutedEventHandlerInfo.InvokeHandler(Object target, RoutedEventArgs routedEventArgs)
   в System.Windows.EventRoute.InvokeHandlersImpl(Object source, RoutedEventArgs args, Boolean reRaised)
   в System.Windows.UIElement.RaiseEventImpl(DependencyObject sender, RoutedEventArgs args)
   в System.Windows.UIElement.RaiseEvent(RoutedEventArgs e)
   в System.Windows.Controls.MenuItem.InvokeClickAfterRender(Object arg)
   в System.Windows.Threading.ExceptionWrapper.InternalRealCall(Delegate callback, Object args, Int32 numArgs)
   в System.Windows.Threading.ExceptionWrapper.TryCatchWhen(Object source, Delegate callback, Object args, Int32 numArgs, Delegate catchHandler) 
 Операционная система: Microsoft Windows NT 6.2.9200.0 
 Имеет 64-bit? — Да 
 Версия, используемой для программы, .NET Framework: 4.0.30319.42000 

[29.09.2019 14:35:47.786] [Olib.Pages.rouletteFM.OpenRename()] System.InvalidCastException: Не удалось привести тип объекта "System.Windows.Controls.MenuItem" к типу "System.Windows.Controls.TextBox".
   в Olib.Pages.rouletteFM.OpenRename(Object sender, RoutedEventArgs e) в E:\Olib\Olib\Pages\rouletteFM.xaml.cs:строка 138
   в System.Windows.RoutedEventHandlerInfo.InvokeHandler(Object target, RoutedEventArgs routedEventArgs)
   в System.Windows.EventRoute.InvokeHandlersImpl(Object source, RoutedEventArgs args, Boolean reRaised)
   в System.Windows.UIElement.RaiseEventImpl(DependencyObject sender, RoutedEventArgs args)
   в System.Windows.UIElement.RaiseEvent(RoutedEventArgs e)
   в System.Windows.Controls.MenuItem.InvokeClickAfterRender(Object arg)
   в System.Windows.Threading.ExceptionWrapper.InternalRealCall(Delegate callback, Object args, Int32 numArgs)
   в System.Windows.Threading.ExceptionWrapper.TryCatchWhen(Object source, Delegate callback, Object args, Int32 numArgs, Delegate catchHandler) 
 Операционная система: Microsoft Windows NT 6.2.9200.0 
 Имеет 64-bit? — Да 
 Версия, используемой для программы, .NET Framework: 4.0.30319.42000 

[29.09.2019 14:36:13.160] [Olib.Pages.rouletteFM.OpenRename()] System.InvalidCastException: Не удалось привести тип объекта "System.Windows.Controls.MenuItem" к типу "System.Windows.Controls.TextBox".
   в Olib.Pages.rouletteFM.OpenRename(Object sender, RoutedEventArgs e) в E:\Olib\Olib\Pages\rouletteFM.xaml.cs:строка 138
   в System.Windows.RoutedEventHandlerInfo.InvokeHandler(Object target, RoutedEventArgs routedEventArgs)
   в System.Windows.EventRoute.InvokeHandlersImpl(Object source, RoutedEventArgs args, Boolean reRaised)
   в System.Windows.UIElement.RaiseEventImpl(DependencyObject sender, RoutedEventArgs args)
   в System.Windows.UIElement.RaiseEvent(RoutedEventArgs e)
   в System.Windows.Controls.MenuItem.InvokeClickAfterRender(Object arg)
   в System.Windows.Threading.ExceptionWrapper.InternalRealCall(Delegate callback, Object args, Int32 numArgs)
   в System.Windows.Threading.ExceptionWrapper.TryCatchWhen(Object source, Delegate callback, Object args, Int32 numArgs, Delegate catchHandler) 
 Операционная система: Microsoft Windows NT 6.2.9200.0 
 Имеет 64-bit? — Да 
 Версия, используемой для программы, .NET Framework: 4.0.30319.42000 

[29.09.2019 14:38:44.571] [Olib.Pages.rouletteFM.OpenRename()] System.InvalidCastException: Не удалось привести тип объекта "System.Windows.Controls.MenuItem" к типу "System.Windows.Controls.CheckBox".
   в Olib.Pages.rouletteFM.OpenRename(Object sender, RoutedEventArgs e) в E:\Olib\Olib\Pages\rouletteFM.xaml.cs:строка 138
   в System.Windows.RoutedEventHandlerInfo.InvokeHandler(Object target, RoutedEventArgs routedEventArgs)
   в System.Windows.EventRoute.InvokeHandlersImpl(Object source, RoutedEventArgs args, Boolean reRaised)
   в System.Windows.UIElement.RaiseEventImpl(DependencyObject sender, RoutedEventArgs args)
   в System.Windows.UIElement.RaiseEvent(RoutedEventArgs e)
   в System.Windows.Controls.MenuItem.InvokeClickAfterRender(Object arg)
   в System.Windows.Threading.ExceptionWrapper.InternalRealCall(Delegate callback, Object args, Int32 numArgs)
   в System.Windows.Threading.ExceptionWrapper.TryCatchWhen(Object source, Delegate callback, Object args, Int32 numArgs, Delegate catchHandler) 
 Операционная система: Microsoft Windows NT 6.2.9200.0 
 Имеет 64-bit? — Да 
 Версия, используемой для программы, .NET Framework: 4.0.30319.42000 

[29.09.2019 14:39:23.563] [Olib.Pages.rouletteFM.OpenRename()] System.InvalidCastException: Не удалось привести тип объекта "System.Windows.Controls.MenuItem" к типу "System.Windows.Controls.CheckBox".
   в Olib.Pages.rouletteFM.OpenRename(Object sender, RoutedEventArgs e) в E:\Olib\Olib\Pages\rouletteFM.xaml.cs:строка 138
   в System.Windows.RoutedEventHandlerInfo.InvokeHandler(Object target, RoutedEventArgs routedEventArgs)
   в System.Windows.EventRoute.InvokeHandlersImpl(Object source, RoutedEventArgs args, Boolean reRaised)
   в System.Windows.UIElement.RaiseEventImpl(DependencyObject sender, RoutedEventArgs args)
   в System.Windows.UIElement.RaiseEvent(RoutedEventArgs e)
   в System.Windows.Controls.MenuItem.InvokeClickAfterRender(Object arg)
   в System.Windows.Threading.ExceptionWrapper.InternalRealCall(Delegate callback, Object args, Int32 numArgs)
   в System.Windows.Threading.ExceptionWrapper.TryCatchWhen(Object source, Delegate callback, Object args, Int32 numArgs, Delegate catchHandler) 
 Операционная система: Microsoft Windows NT 6.2.9200.0 
 Имеет 64-bit? — Да 
 Версия, используемой для программы, .NET Framework: 4.0.30319.42000 

