[28.09.2019 15:33:46.930] [System.Uri.CreateThis()] System.UriFormatException: Недопустимый URI: Невозможно определить формат URI.
   в System.Uri.CreateThis(String uri, Boolean dontEscape, UriKind uriKind)
   в System.Uri..ctor(String uriString)
   в Olib.Pages.main.dataParser(Object sender, RoutedEventArgs e) в E:\Olib\Olib\Pages\main.xaml.cs:строка 30
   в System.Windows.RoutedEventHandlerInfo.InvokeHandler(Object target, RoutedEventArgs routedEventArgs)
   в System.Windows.EventRoute.InvokeHandlersImpl(Object source, RoutedEventArgs args, Boolean reRaised)
   в System.Windows.UIElement.RaiseEventImpl(DependencyObject sender, RoutedEventArgs args)
   в System.Windows.UIElement.RaiseEvent(RoutedEventArgs e)
   в System.Windows.Controls.Primitives.ButtonBase.OnClick()
   в System.Windows.Controls.Button.OnClick()
   в System.Windows.Controls.Primitives.ButtonBase.OnMouseLeftButtonUp(MouseButtonEventArgs e)
   в System.Windows.UIElement.OnMouseLeftButtonUpThunk(Object sender, MouseButtonEventArgs e)
   в System.Windows.Input.MouseButtonEventArgs.InvokeEventHandler(Delegate genericHandler, Object genericTarget)
   в System.Windows.RoutedEventArgs.InvokeHandler(Delegate handler, Object target)
   в System.Windows.RoutedEventHandlerInfo.InvokeHandler(Object target, RoutedEventArgs routedEventArgs)
   в System.Windows.EventRoute.InvokeHandlersImpl(Object source, RoutedEventArgs args, Boolean reRaised)
   в System.Windows.UIElement.ReRaiseEventAs(DependencyObject sender, RoutedEventArgs args, RoutedEvent newEvent)
   в System.Windows.UIElement.OnMouseUpThunk(Object sender, MouseButtonEventArgs e)
   в System.Windows.Input.MouseButtonEventArgs.InvokeEventHandler(Delegate genericHandler, Object genericTarget)
   в System.Windows.RoutedEventArgs.InvokeHandler(Delegate handler, Object target)
   в System.Windows.RoutedEventHandlerInfo.InvokeHandler(Object target, RoutedEventArgs routedEventArgs)
   в System.Windows.EventRoute.InvokeHandlersImpl(Object source, RoutedEventArgs args, Boolean reRaised)
   в System.Windows.UIElement.RaiseEventImpl(DependencyObject sender, RoutedEventArgs args)
   в System.Windows.UIElement.RaiseTrustedEvent(RoutedEventArgs args)
   в System.Windows.UIElement.RaiseEvent(RoutedEventArgs args, Boolean trusted)
   в System.Windows.Input.InputManager.ProcessStagingArea()
   в System.Windows.Input.InputManager.ProcessInput(InputEventArgs input)
   в System.Windows.Input.InputProviderSite.ReportInput(InputReport inputReport)
   в System.Windows.Interop.HwndMouseInputProvider.ReportInput(IntPtr hwnd, InputMode mode, Int32 timestamp, RawMouseActions actions, Int32 x, Int32 y, Int32 wheel)
   в System.Windows.Interop.HwndMouseInputProvider.FilterMessage(IntPtr hwnd, WindowMessage msg, IntPtr wParam, IntPtr lParam, Boolean& handled)
   в System.Windows.Interop.HwndSource.InputFilterMessage(IntPtr hwnd, Int32 msg, IntPtr wParam, IntPtr lParam, Boolean& handled)
   в MS.Win32.HwndWrapper.WndProc(IntPtr hwnd, Int32 msg, IntPtr wParam, IntPtr lParam, Boolean& handled)
   в MS.Win32.HwndSubclass.DispatcherCallbackOperation(Object o)
   в System.Windows.Threading.ExceptionWrapper.InternalRealCall(Delegate callback, Object args, Int32 numArgs)
   в System.Windows.Threading.ExceptionWrapper.TryCatchWhen(Object source, Delegate callback, Object args, Int32 numArgs, Delegate catchHandler) 
 Операционная система: Microsoft Windows NT 6.2.9200.0 
 Имеет 64-bit? — Да 
 Версия, используемой для программы, .NET Framework: 4.0.30319.42000 

[28.09.2019 15:34:46.887] [MS.Internal.AppModel.ResourcePart.GetStreamCore()] System.IO.IOException: Не удается найти ресурс "dataparser.xml".
   в MS.Internal.AppModel.ResourcePart.GetStreamCore(FileMode mode, FileAccess access)
   в System.IO.Packaging.PackagePart.GetStream(FileMode mode, FileAccess access)
   в System.IO.Packaging.PackWebResponse.CachedResponse.GetResponseStream()
   в System.IO.Packaging.PackWebResponse.GetResponseStream()
   в System.IO.Packaging.PackWebResponse.get_ContentType()
   в MS.Internal.WpfWebRequestHelper.GetContentType(WebResponse response)
   в System.Windows.Navigation.NavigationService.GetObjectFromResponse(WebRequest request, WebResponse response, Uri destinationUri, Object navState)
   в System.Windows.Navigation.NavigationService.DoNavigate(Uri source, NavigationMode f, Object navState)
   в System.Windows.Navigation.NavigateQueueItem.Dispatch(Object obj)
   в System.Windows.Threading.ExceptionWrapper.InternalRealCall(Delegate callback, Object args, Int32 numArgs)
   в System.Windows.Threading.ExceptionWrapper.TryCatchWhen(Object source, Delegate callback, Object args, Int32 numArgs, Delegate catchHandler) 
 Операционная система: Microsoft Windows NT 6.2.9200.0 
 Имеет 64-bit? — Да 
 Версия, используемой для программы, .NET Framework: 4.0.30319.42000 

[28.09.2019 15:35:07.663] [MS.Internal.AppModel.ResourcePart.GetStreamCore()] System.IO.IOException: Не удается найти ресурс "dataparser.xaml".
   в MS.Internal.AppModel.ResourcePart.GetStreamCore(FileMode mode, FileAccess access)
   в System.IO.Packaging.PackagePart.GetStream(FileMode mode, FileAccess access)
   в System.IO.Packaging.PackWebResponse.CachedResponse.GetResponseStream()
   в System.IO.Packaging.PackWebResponse.GetResponseStream()
   в System.IO.Packaging.PackWebResponse.get_ContentType()
   в MS.Internal.WpfWebRequestHelper.GetContentType(WebResponse response)
   в System.Windows.Navigation.NavigationService.GetObjectFromResponse(WebRequest request, WebResponse response, Uri destinationUri, Object navState)
   в System.Windows.Navigation.NavigationService.DoNavigate(Uri source, NavigationMode f, Object navState)
   в System.Windows.Navigation.NavigateQueueItem.Dispatch(Object obj)
   в System.Windows.Threading.ExceptionWrapper.InternalRealCall(Delegate callback, Object args, Int32 numArgs)
   в System.Windows.Threading.ExceptionWrapper.TryCatchWhen(Object source, Delegate callback, Object args, Int32 numArgs, Delegate catchHandler) 
 Операционная система: Microsoft Windows NT 6.2.9200.0 
 Имеет 64-bit? — Да 
 Версия, используемой для программы, .NET Framework: 4.0.30319.42000 

[28.09.2019 16:25:26.467] [System.Windows.Media.Animation.Storyboard.VerifyPathIsAnimatable()] System.InvalidOperationException: Не удается разрешить все ссылки на свойства в пути свойств "Opacity". Проверьте, что соответствующие объекты поддерживают такие свойства.
   в System.Windows.Media.Animation.Storyboard.VerifyPathIsAnimatable(PropertyPath path)
   в System.Windows.Media.Animation.Storyboard.ClockTreeWalkRecursive(Clock currentClock, DependencyObject containingObject, INameScope nameScope, DependencyObject parentObject, String parentObjectName, PropertyPath parentPropertyPath, HandoffBehavior handoffBehavior, HybridDictionary clockMappings, Int64 layer)
   в System.Windows.Media.Animation.Storyboard.ClockTreeWalkRecursive(Clock currentClock, DependencyObject containingObject, INameScope nameScope, DependencyObject parentObject, String parentObjectName, PropertyPath parentPropertyPath, HandoffBehavior handoffBehavior, HybridDictionary clockMappings, Int64 layer)
   в System.Windows.Media.Animation.Storyboard.BeginCommon(DependencyObject containingObject, INameScope nameScope, HandoffBehavior handoffBehavior, Boolean isControllable, Int64 layer)
   в System.Windows.Media.Animation.BeginStoryboard.Begin(DependencyObject targetObject, INameScope nameScope, Int64 layer)
   в System.Windows.Media.Animation.BeginStoryboard.Invoke(FrameworkElement fe)
   в System.Windows.EventTrigger.EventTriggerSourceListener.Handler(Object sender, RoutedEventArgs e)
   в System.Windows.RoutedEventHandlerInfo.InvokeHandler(Object target, RoutedEventArgs routedEventArgs)
   в System.Windows.EventRoute.InvokeHandlersImpl(Object source, RoutedEventArgs args, Boolean reRaised)
   в System.Windows.UIElement.RaiseEventImpl(DependencyObject sender, RoutedEventArgs args)
   в System.Windows.UIElement.RaiseEvent(RoutedEventArgs e)
   в System.Windows.Controls.Primitives.ButtonBase.OnClick()
   в System.Windows.Controls.Button.OnClick()
   в System.Windows.Controls.Primitives.ButtonBase.OnMouseLeftButtonUp(MouseButtonEventArgs e)
   в System.Windows.UIElement.OnMouseLeftButtonUpThunk(Object sender, MouseButtonEventArgs e)
   в System.Windows.Input.MouseButtonEventArgs.InvokeEventHandler(Delegate genericHandler, Object genericTarget)
   в System.Windows.RoutedEventArgs.InvokeHandler(Delegate handler, Object target)
   в System.Windows.RoutedEventHandlerInfo.InvokeHandler(Object target, RoutedEventArgs routedEventArgs)
   в System.Windows.EventRoute.InvokeHandlersImpl(Object source, RoutedEventArgs args, Boolean reRaised)
   в System.Windows.UIElement.ReRaiseEventAs(DependencyObject sender, RoutedEventArgs args, RoutedEvent newEvent)
   в System.Windows.UIElement.OnMouseUpThunk(Object sender, MouseButtonEventArgs e)
   в System.Windows.Input.MouseButtonEventArgs.InvokeEventHandler(Delegate genericHandler, Object genericTarget)
   в System.Windows.RoutedEventArgs.InvokeHandler(Delegate handler, Object target)
   в System.Windows.RoutedEventHandlerInfo.InvokeHandler(Object target, RoutedEventArgs routedEventArgs)
   в System.Windows.EventRoute.InvokeHandlersImpl(Object source, RoutedEventArgs args, Boolean reRaised)
   в System.Windows.UIElement.RaiseEventImpl(DependencyObject sender, RoutedEventArgs args)
   в System.Windows.UIElement.RaiseTrustedEvent(RoutedEventArgs args)
   в System.Windows.UIElement.RaiseEvent(RoutedEventArgs args, Boolean trusted)
   в System.Windows.Input.InputManager.ProcessStagingArea()
   в System.Windows.Input.InputManager.ProcessInput(InputEventArgs input)
   в System.Windows.Input.InputProviderSite.ReportInput(InputReport inputReport)
   в System.Windows.Interop.HwndMouseInputProvider.ReportInput(IntPtr hwnd, InputMode mode, Int32 timestamp, RawMouseActions actions, Int32 x, Int32 y, Int32 wheel)
   в System.Windows.Interop.HwndMouseInputProvider.FilterMessage(IntPtr hwnd, WindowMessage msg, IntPtr wParam, IntPtr lParam, Boolean& handled)
   в System.Windows.Interop.HwndSource.InputFilterMessage(IntPtr hwnd, Int32 msg, IntPtr wParam, IntPtr lParam, Boolean& handled)
   в MS.Win32.HwndWrapper.WndProc(IntPtr hwnd, Int32 msg, IntPtr wParam, IntPtr lParam, Boolean& handled)
   в MS.Win32.HwndSubclass.DispatcherCallbackOperation(Object o)
   в System.Windows.Threading.ExceptionWrapper.InternalRealCall(Delegate callback, Object args, Int32 numArgs)
   в System.Windows.Threading.ExceptionWrapper.TryCatchWhen(Object source, Delegate callback, Object args, Int32 numArgs, Delegate catchHandler) 
 Операционная система: Microsoft Windows NT 6.2.9200.0 
 Имеет 64-bit? — Да 
 Версия, используемой для программы, .NET Framework: 4.0.30319.42000 

[28.09.2019 16:27:00.792] [System.Windows.Media.Animation.Storyboard.VerifyAnimationIsValid()] System.InvalidOperationException: Объект анимации "System.Windows.Media.Animation.DoubleAnimation" нельзя использовать для анимации свойства "Width", так как он имеет несовместимый тип "System.Windows.GridLength".
   в System.Windows.Media.Animation.Storyboard.VerifyAnimationIsValid(DependencyProperty targetProperty, AnimationClock animationClock)
   в System.Windows.Media.Animation.Storyboard.ClockTreeWalkRecursive(Clock currentClock, DependencyObject containingObject, INameScope nameScope, DependencyObject parentObject, String parentObjectName, PropertyPath parentPropertyPath, HandoffBehavior handoffBehavior, HybridDictionary clockMappings, Int64 layer)
   в System.Windows.Media.Animation.Storyboard.ClockTreeWalkRecursive(Clock currentClock, DependencyObject containingObject, INameScope nameScope, DependencyObject parentObject, String parentObjectName, PropertyPath parentPropertyPath, HandoffBehavior handoffBehavior, HybridDictionary clockMappings, Int64 layer)
   в System.Windows.Media.Animation.Storyboard.BeginCommon(DependencyObject containingObject, INameScope nameScope, HandoffBehavior handoffBehavior, Boolean isControllable, Int64 layer)
   в System.Windows.Media.Animation.BeginStoryboard.Begin(DependencyObject targetObject, INameScope nameScope, Int64 layer)
   в System.Windows.Media.Animation.BeginStoryboard.Invoke(FrameworkElement fe)
   в System.Windows.EventTrigger.EventTriggerSourceListener.Handler(Object sender, RoutedEventArgs e)
   в System.Windows.RoutedEventHandlerInfo.InvokeHandler(Object target, RoutedEventArgs routedEventArgs)
   в System.Windows.EventRoute.InvokeHandlersImpl(Object source, RoutedEventArgs args, Boolean reRaised)
   в System.Windows.UIElement.RaiseEventImpl(DependencyObject sender, RoutedEventArgs args)
   в System.Windows.UIElement.RaiseEvent(RoutedEventArgs e)
   в System.Windows.Controls.Primitives.ButtonBase.OnClick()
   в System.Windows.Controls.Button.OnClick()
   в System.Windows.Controls.Primitives.ButtonBase.OnMouseLeftButtonUp(MouseButtonEventArgs e)
   в System.Windows.UIElement.OnMouseLeftButtonUpThunk(Object sender, MouseButtonEventArgs e)
   в System.Windows.Input.MouseButtonEventArgs.InvokeEventHandler(Delegate genericHandler, Object genericTarget)
   в System.Windows.RoutedEventArgs.InvokeHandler(Delegate handler, Object target)
   в System.Windows.RoutedEventHandlerInfo.InvokeHandler(Object target, RoutedEventArgs routedEventArgs)
   в System.Windows.EventRoute.InvokeHandlersImpl(Object source, RoutedEventArgs args, Boolean reRaised)
   в System.Windows.UIElement.ReRaiseEventAs(DependencyObject sender, RoutedEventArgs args, RoutedEvent newEvent)
   в System.Windows.UIElement.OnMouseUpThunk(Object sender, MouseButtonEventArgs e)
   в System.Windows.Input.MouseButtonEventArgs.InvokeEventHandler(Delegate genericHandler, Object genericTarget)
   в System.Windows.RoutedEventArgs.InvokeHandler(Delegate handler, Object target)
   в System.Windows.RoutedEventHandlerInfo.InvokeHandler(Object target, RoutedEventArgs routedEventArgs)
   в System.Windows.EventRoute.InvokeHandlersImpl(Object source, RoutedEventArgs args, Boolean reRaised)
   в System.Windows.UIElement.RaiseEventImpl(DependencyObject sender, RoutedEventArgs args)
   в System.Windows.UIElement.RaiseTrustedEvent(RoutedEventArgs args)
   в System.Windows.UIElement.RaiseEvent(RoutedEventArgs args, Boolean trusted)
   в System.Windows.Input.InputManager.ProcessStagingArea()
   в System.Windows.Input.InputManager.ProcessInput(InputEventArgs input)
   в System.Windows.Input.InputProviderSite.ReportInput(InputReport inputReport)
   в System.Windows.Interop.HwndMouseInputProvider.ReportInput(IntPtr hwnd, InputMode mode, Int32 timestamp, RawMouseActions actions, Int32 x, Int32 y, Int32 wheel)
   в System.Windows.Interop.HwndMouseInputProvider.FilterMessage(IntPtr hwnd, WindowMessage msg, IntPtr wParam, IntPtr lParam, Boolean& handled)
   в System.Windows.Interop.HwndSource.InputFilterMessage(IntPtr hwnd, Int32 msg, IntPtr wParam, IntPtr lParam, Boolean& handled)
   в MS.Win32.HwndWrapper.WndProc(IntPtr hwnd, Int32 msg, IntPtr wParam, IntPtr lParam, Boolean& handled)
   в MS.Win32.HwndSubclass.DispatcherCallbackOperation(Object o)
   в System.Windows.Threading.ExceptionWrapper.InternalRealCall(Delegate callback, Object args, Int32 numArgs)
   в System.Windows.Threading.ExceptionWrapper.TryCatchWhen(Object source, Delegate callback, Object args, Int32 numArgs, Delegate catchHandler) 
 Операционная система: Microsoft Windows NT 6.2.9200.0 
 Имеет 64-bit? — Да 
 Версия, используемой для программы, .NET Framework: 4.0.30319.42000 

[28.09.2019 17:08:03.369] [System.Windows.UIElement.BeginAnimation()] System.ArgumentException: Параметр AnimationTimeline типа "System.Windows.Media.Animation.ThicknessAnimation" нельзя использовать для анимации свойства "Width" типа "System.Double".
Имя параметра: animation
   в System.Windows.UIElement.BeginAnimation(DependencyProperty dp, AnimationTimeline animation, HandoffBehavior handoffBehavior)
   в System.Windows.UIElement.BeginAnimation(DependencyProperty dp, AnimationTimeline animation)
   в Olib.MainWindow.SideBar(Object sender, RoutedEventArgs e) в E:\Olib\Olib\MainWindow.xaml.cs:строка 77
   в System.Windows.RoutedEventHandlerInfo.InvokeHandler(Object target, RoutedEventArgs routedEventArgs)
   в System.Windows.EventRoute.InvokeHandlersImpl(Object source, RoutedEventArgs args, Boolean reRaised)
   в System.Windows.UIElement.RaiseEventImpl(DependencyObject sender, RoutedEventArgs args)
   в System.Windows.UIElement.RaiseEvent(RoutedEventArgs e)
   в System.Windows.Controls.Primitives.ButtonBase.OnClick()
   в System.Windows.Controls.Button.OnClick()
   в System.Windows.Controls.Primitives.ButtonBase.OnMouseLeftButtonUp(MouseButtonEventArgs e)
   в System.Windows.UIElement.OnMouseLeftButtonUpThunk(Object sender, MouseButtonEventArgs e)
   в System.Windows.Input.MouseButtonEventArgs.InvokeEventHandler(Delegate genericHandler, Object genericTarget)
   в System.Windows.RoutedEventArgs.InvokeHandler(Delegate handler, Object target)
   в System.Windows.RoutedEventHandlerInfo.InvokeHandler(Object target, RoutedEventArgs routedEventArgs)
   в System.Windows.EventRoute.InvokeHandlersImpl(Object source, RoutedEventArgs args, Boolean reRaised)
   в System.Windows.UIElement.ReRaiseEventAs(DependencyObject sender, RoutedEventArgs args, RoutedEvent newEvent)
   в System.Windows.UIElement.OnMouseUpThunk(Object sender, MouseButtonEventArgs e)
   в System.Windows.Input.MouseButtonEventArgs.InvokeEventHandler(Delegate genericHandler, Object genericTarget)
   в System.Windows.RoutedEventArgs.InvokeHandler(Delegate handler, Object target)
   в System.Windows.RoutedEventHandlerInfo.InvokeHandler(Object target, RoutedEventArgs routedEventArgs)
   в System.Windows.EventRoute.InvokeHandlersImpl(Object source, RoutedEventArgs args, Boolean reRaised)
   в System.Windows.UIElement.RaiseEventImpl(DependencyObject sender, RoutedEventArgs args)
   в System.Windows.UIElement.RaiseTrustedEvent(RoutedEventArgs args)
   в System.Windows.UIElement.RaiseEvent(RoutedEventArgs args, Boolean trusted)
   в System.Windows.Input.InputManager.ProcessStagingArea()
   в System.Windows.Input.InputManager.ProcessInput(InputEventArgs input)
   в System.Windows.Input.InputProviderSite.ReportInput(InputReport inputReport)
   в System.Windows.Interop.HwndMouseInputProvider.ReportInput(IntPtr hwnd, InputMode mode, Int32 timestamp, RawMouseActions actions, Int32 x, Int32 y, Int32 wheel)
   в System.Windows.Interop.HwndMouseInputProvider.FilterMessage(IntPtr hwnd, WindowMessage msg, IntPtr wParam, IntPtr lParam, Boolean& handled)
   в System.Windows.Interop.HwndSource.InputFilterMessage(IntPtr hwnd, Int32 msg, IntPtr wParam, IntPtr lParam, Boolean& handled)
   в MS.Win32.HwndWrapper.WndProc(IntPtr hwnd, Int32 msg, IntPtr wParam, IntPtr lParam, Boolean& handled)
   в MS.Win32.HwndSubclass.DispatcherCallbackOperation(Object o)
   в System.Windows.Threading.ExceptionWrapper.InternalRealCall(Delegate callback, Object args, Int32 numArgs)
   в System.Windows.Threading.ExceptionWrapper.TryCatchWhen(Object source, Delegate callback, Object args, Int32 numArgs, Delegate catchHandler) 
 Операционная система: Microsoft Windows NT 6.2.9200.0 
 Имеет 64-bit? — Да 
 Версия, используемой для программы, .NET Framework: 4.0.30319.42000 

[28.09.2019 18:25:23.512] [System.Windows.Markup.WpfXamlLoader.Load()] System.Windows.Markup.XamlParseException: "Предоставление значения для "System.Windows.Baml2006.DeferredBinaryDeserializerExtension" вызвало исключение.": номер строки "478" и позиция в строке "75". ---> System.FormatException: Недопустимый маркер.
   в MS.Internal.Parsers.ParseBrush(String brush, IFormatProvider formatProvider, ITypeDescriptorContext context)
   в System.Windows.Media.Brush.Parse(String value, ITypeDescriptorContext context)
   в System.Windows.Media.BrushConverter.ConvertFrom(ITypeDescriptorContext context, CultureInfo culture, Object value)
   в System.Windows.Media.SolidColorBrush.DeserializeFrom(BinaryReader reader, ITypeDescriptorContext context)
   в System.Windows.Baml2006.DeferredBinaryDeserializerExtension.ProvideValue(IServiceProvider serviceProvider)
   в MS.Internal.Xaml.Runtime.ClrObjectRuntime.CallProvideValue(MarkupExtension me, IServiceProvider serviceProvider)
   --- Конец трассировки внутреннего стека исключений ---
   в System.Windows.Markup.WpfXamlLoader.Load(XamlReader xamlReader, IXamlObjectWriterFactory writerFactory, Boolean skipJournaledProperties, Object rootObject, XamlObjectWriterSettings settings, Uri baseUri)
   в System.Windows.Markup.WpfXamlLoader.LoadBaml(XamlReader xamlReader, Boolean skipJournaledProperties, Object rootObject, XamlAccessLevel accessLevel, Uri baseUri)
   в System.Windows.Markup.XamlReader.LoadBaml(Stream stream, ParserContext parserContext, Object parent, Boolean closeStream)
   в System.Windows.Application.LoadBamlStreamWithSyncInfo(Stream stream, ParserContext pc)
   в System.Windows.Application.LoadComponent(Uri resourceLocator, Boolean bSkipJournaledProperties)
   в System.Windows.Application.DoStartup()
   в System.Windows.Application.<.ctor>b__1_0(Object unused)
   в System.Windows.Threading.ExceptionWrapper.InternalRealCall(Delegate callback, Object args, Int32 numArgs)
   в System.Windows.Threading.ExceptionWrapper.TryCatchWhen(Object source, Delegate callback, Object args, Int32 numArgs, Delegate catchHandler) 
 Операционная система: Microsoft Windows NT 6.2.9200.0 
 Имеет 64-bit? — Да 
 Версия, используемой для программы, .NET Framework: 4.0.30319.42000 

[28.09.2019 18:28:37.412] [System.Windows.Markup.WpfXamlLoader.Load()] System.Windows.Markup.XamlParseException: "Задание свойства "System.Windows.FrameworkElement.Style" вызвало исключение.": номер строки "99" и позиция в строке "18". ---> System.ArgumentException: "Olib.InvertEffect" не является допустимым значением свойства "System.Windows.Documents.TextElement.Foreground" в Setter.
   в System.Windows.Setter.Seal()
   в System.Windows.SetterBaseCollection.Seal()
   в System.Windows.TriggerBase.ProcessSettersCollection(SetterBaseCollection setters)
   в System.Windows.Trigger.Seal()
   в System.Windows.TriggerCollection.Seal()
   в System.Windows.StyleHelper.SealTemplate(FrameworkTemplate frameworkTemplate, Boolean& isSealed, FrameworkElementFactory templateRoot, TriggerCollection triggers, ResourceDictionary resources, HybridDictionary childIndexFromChildID, FrugalStructList`1& childRecordFromChildIndex, FrugalStructList`1& triggerSourceRecordFromChildIndex, FrugalStructList`1& containerDependents, FrugalStructList`1& resourceDependents, ItemStructList`1& eventDependents, HybridDictionary& triggerActions, HybridDictionary& dataTriggerRecordFromBinding, Boolean& hasInstanceValues, EventHandlersStore& eventHandlersStore)
   в System.Windows.FrameworkTemplate.Seal()
   в System.Windows.FrameworkTemplate.System.Windows.ISealable.Seal()
   в System.Windows.StyleHelper.SealIfSealable(Object value)
   в System.Windows.Setter.Seal()
   в System.Windows.SetterBaseCollection.Seal()
   в System.Windows.Style.Seal()
   в System.Windows.Style.System.Windows.ISealable.Seal()
   в System.Windows.StyleHelper.SealIfSealable(Object value)
   в System.Windows.ResourceDictionary.SealValue(Object value)
   в System.Windows.ResourceDictionary.OnGettingValue(Object key, Object& value, Boolean& canCache)
   в System.Windows.ResourceDictionary.OnGettingValuePrivate(Object key, Object& value, Boolean& canCache)
   в System.Windows.ResourceDictionary.GetValueWithoutLock(Object key, Boolean& canCache)
   в System.Windows.ResourceDictionary.GetValue(Object key, Boolean& canCache)
   в System.Windows.DeferredResourceReference.GetValue(BaseValueSourceInternal valueSource)
   в System.Windows.DeferredAppResourceReference.GetValue(BaseValueSourceInternal valueSource)
   в System.Windows.DependencyPropertyChangedEventArgs.get_NewValue()
   в System.Windows.FrameworkElement.OnStyleChanged(DependencyObject d, DependencyPropertyChangedEventArgs e)
   в System.Windows.DependencyObject.OnPropertyChanged(DependencyPropertyChangedEventArgs e)
   в System.Windows.FrameworkElement.OnPropertyChanged(DependencyPropertyChangedEventArgs e)
   в System.Windows.DependencyObject.NotifyPropertyChange(DependencyPropertyChangedEventArgs args)
   в System.Windows.DependencyObject.UpdateEffectiveValue(EntryIndex entryIndex, DependencyProperty dp, PropertyMetadata metadata, EffectiveValueEntry oldEntry, EffectiveValueEntry& newEntry, Boolean coerceWithDeferredReference, Boolean coerceWithCurrentValue, OperationType operationType)
   в System.Windows.DependencyObject.SetValueCommon(DependencyProperty dp, Object value, PropertyMetadata metadata, Boolean coerceWithDeferredReference, Boolean coerceWithCurrentValue, OperationType operationType, Boolean isInternal)
   в System.Windows.Baml2006.WpfKnownMemberInvoker.SetValue(Object instance, Object value)
   в MS.Internal.Xaml.Runtime.ClrObjectRuntime.SetValue(XamlMember member, Object obj, Object value)
   в MS.Internal.Xaml.Runtime.ClrObjectRuntime.SetValue(Object inst, XamlMember property, Object value)
   --- Конец трассировки внутреннего стека исключений ---
   в System.Windows.Markup.WpfXamlLoader.Load(XamlReader xamlReader, IXamlObjectWriterFactory writerFactory, Boolean skipJournaledProperties, Object rootObject, XamlObjectWriterSettings settings, Uri baseUri)
   в System.Windows.Markup.WpfXamlLoader.LoadBaml(XamlReader xamlReader, Boolean skipJournaledProperties, Object rootObject, XamlAccessLevel accessLevel, Uri baseUri)
   в System.Windows.Markup.XamlReader.LoadBaml(Stream stream, ParserContext parserContext, Object parent, Boolean closeStream)
   в System.Windows.Application.LoadBamlStreamWithSyncInfo(Stream stream, ParserContext pc)
   в System.Windows.Application.LoadComponent(Uri resourceLocator, Boolean bSkipJournaledProperties)
   в System.Windows.Application.DoStartup()
   в System.Windows.Application.<.ctor>b__1_0(Object unused)
   в System.Windows.Threading.ExceptionWrapper.InternalRealCall(Delegate callback, Object args, Int32 numArgs)
   в System.Windows.Threading.ExceptionWrapper.TryCatchWhen(Object source, Delegate callback, Object args, Int32 numArgs, Delegate catchHandler) 
 Операционная система: Microsoft Windows NT 6.2.9200.0 
 Имеет 64-bit? — Да 
 Версия, используемой для программы, .NET Framework: 4.0.30319.42000 

[28.09.2019 18:36:51.914] [System.Windows.Media.Animation.AnimationStorage.OnCurrentTimeInvalidated()] System.Windows.Media.Animation.AnimationException: Не удается анимировать свойство "Width" для "System.Windows.Controls.Border" с помощью "System.Windows.Media.Animation.DoubleAnimation". Более подробную информацию см. в описании внутреннего исключения. ---> System.InvalidOperationException: "System.Windows.Media.Animation.DoubleAnimation" не может использовать значение по умолчанию origin для "NaN".
   в System.Windows.Media.Animation.DoubleAnimation.GetCurrentValueCore(Double defaultOriginValue, Double defaultDestinationValue, AnimationClock animationClock)
   в System.Windows.Media.Animation.DoubleAnimationBase.GetCurrentValue(Double defaultOriginValue, Double defaultDestinationValue, AnimationClock animationClock)
   в System.Windows.Media.Animation.DoubleAnimationBase.GetCurrentValue(Object defaultOriginValue, Object defaultDestinationValue, AnimationClock animationClock)
   в System.Windows.Media.Animation.AnimationStorage.GetCurrentPropertyValue(AnimationStorage storage, DependencyObject d, DependencyProperty dp, PropertyMetadata metadata, Object baseValue)
   в System.Windows.Media.Animation.AnimationStorage.OnCurrentTimeInvalidated(Object sender, EventArgs args)
   --- Конец трассировки внутреннего стека исключений ---
   в System.Windows.Media.Animation.AnimationStorage.OnCurrentTimeInvalidated(Object sender, EventArgs args)
   в System.Windows.Media.Animation.Clock.FireEvent(EventPrivateKey key)
   в System.Windows.Media.Animation.Clock.RaiseAccumulatedEvents()
   в System.Windows.Media.Animation.TimeManager.RaiseEnqueuedEvents()
   в System.Windows.Media.Animation.TimeManager.Tick()
   в System.Windows.Media.MediaContext.RenderMessageHandlerCore(Object resizedCompositionTarget)
   в System.Windows.Media.MediaContext.RenderMessageHandler(Object resizedCompositionTarget)
   в System.Windows.Threading.ExceptionWrapper.InternalRealCall(Delegate callback, Object args, Int32 numArgs)
   в System.Windows.Threading.ExceptionWrapper.TryCatchWhen(Object source, Delegate callback, Object args, Int32 numArgs, Delegate catchHandler) 
 Операционная система: Microsoft Windows NT 6.2.9200.0 
 Имеет 64-bit? — Да 
 Версия, используемой для программы, .NET Framework: 4.0.30319.42000 

[28.09.2019 18:37:03.854] [System.Windows.Media.Animation.AnimationStorage.OnCurrentTimeInvalidated()] System.Windows.Media.Animation.AnimationException: Не удается анимировать свойство "Width" для "System.Windows.Controls.Border" с помощью "System.Windows.Media.Animation.DoubleAnimation". Более подробную информацию см. в описании внутреннего исключения. ---> System.InvalidOperationException: "System.Windows.Media.Animation.DoubleAnimation" не может использовать значение по умолчанию origin для "NaN".
   в System.Windows.Media.Animation.DoubleAnimation.GetCurrentValueCore(Double defaultOriginValue, Double defaultDestinationValue, AnimationClock animationClock)
   в System.Windows.Media.Animation.DoubleAnimationBase.GetCurrentValue(Double defaultOriginValue, Double defaultDestinationValue, AnimationClock animationClock)
   в System.Windows.Media.Animation.DoubleAnimationBase.GetCurrentValue(Object defaultOriginValue, Object defaultDestinationValue, AnimationClock animationClock)
   в System.Windows.Media.Animation.AnimationStorage.GetCurrentPropertyValue(AnimationStorage storage, DependencyObject d, DependencyProperty dp, PropertyMetadata metadata, Object baseValue)
   в System.Windows.Media.Animation.AnimationStorage.OnCurrentTimeInvalidated(Object sender, EventArgs args)
   --- Конец трассировки внутреннего стека исключений ---
   в System.Windows.Media.Animation.AnimationStorage.OnCurrentTimeInvalidated(Object sender, EventArgs args)
   в System.Windows.Media.Animation.Clock.FireEvent(EventPrivateKey key)
   в System.Windows.Media.Animation.Clock.RaiseAccumulatedEvents()
   в System.Windows.Media.Animation.TimeManager.RaiseEnqueuedEvents()
   в System.Windows.Media.Animation.TimeManager.Tick()
   в System.Windows.Media.MediaContext.RenderMessageHandlerCore(Object resizedCompositionTarget)
   в System.Windows.Media.MediaContext.RenderMessageHandler(Object resizedCompositionTarget)
   в System.Windows.Threading.ExceptionWrapper.InternalRealCall(Delegate callback, Object args, Int32 numArgs)
   в System.Windows.Threading.ExceptionWrapper.TryCatchWhen(Object source, Delegate callback, Object args, Int32 numArgs, Delegate catchHandler) 
 Операционная система: Microsoft Windows NT 6.2.9200.0 
 Имеет 64-bit? — Да 
 Версия, используемой для программы, .NET Framework: 4.0.30319.42000 

[28.09.2019 19:44:51.358] [System.Windows.Media.Animation.Storyboard.ResolveTargetName()] System.InvalidOperationException: Не удается найти имя "mainWindow" в области имен "Olib.Windows.autoclicker".
   в System.Windows.Media.Animation.Storyboard.ResolveTargetName(String targetName, INameScope nameScope, DependencyObject element)
   в System.Windows.Media.Animation.Storyboard.ClockTreeWalkRecursive(Clock currentClock, DependencyObject containingObject, INameScope nameScope, DependencyObject parentObject, String parentObjectName, PropertyPath parentPropertyPath, HandoffBehavior handoffBehavior, HybridDictionary clockMappings, Int64 layer)
   в System.Windows.Media.Animation.Storyboard.ClockTreeWalkRecursive(Clock currentClock, DependencyObject containingObject, INameScope nameScope, DependencyObject parentObject, String parentObjectName, PropertyPath parentPropertyPath, HandoffBehavior handoffBehavior, HybridDictionary clockMappings, Int64 layer)
   в System.Windows.Media.Animation.Storyboard.BeginCommon(DependencyObject containingObject, INameScope nameScope, HandoffBehavior handoffBehavior, Boolean isControllable, Int64 layer)
   в System.Windows.Media.Animation.BeginStoryboard.Begin(DependencyObject targetObject, INameScope nameScope, Int64 layer)
   в System.Windows.Media.Animation.BeginStoryboard.Invoke(FrameworkElement fe)
   в System.Windows.EventTrigger.EventTriggerSourceListener.Handler(Object sender, RoutedEventArgs e)
   в System.Windows.RoutedEventHandlerInfo.InvokeHandler(Object target, RoutedEventArgs routedEventArgs)
   в System.Windows.EventRoute.InvokeHandlersImpl(Object source, RoutedEventArgs args, Boolean reRaised)
   в System.Windows.UIElement.RaiseEventImpl(DependencyObject sender, RoutedEventArgs args)
   в System.Windows.UIElement.RaiseEvent(RoutedEventArgs e)
   в System.Windows.BroadcastEventHelper.BroadcastEvent(DependencyObject root, RoutedEvent routedEvent)
   в System.Windows.BroadcastEventHelper.BroadcastLoadedEvent(Object root)
   в MS.Internal.LoadedOrUnloadedOperation.DoWork()
   в System.Windows.Media.MediaContext.FireLoadedPendingCallbacks()
   в System.Windows.Media.MediaContext.FireInvokeOnRenderCallbacks()
   в System.Windows.Media.MediaContext.RenderMessageHandlerCore(Object resizedCompositionTarget)
   в System.Windows.Media.MediaContext.RenderMessageHandler(Object resizedCompositionTarget)
   в System.Windows.Media.MediaContext.Resize(ICompositionTarget resizedCompositionTarget)
   в System.Windows.Interop.HwndTarget.OnResize()
   в System.Windows.Interop.HwndTarget.HandleMessage(WindowMessage msg, IntPtr wparam, IntPtr lparam)
   в System.Windows.Interop.HwndSource.HwndTargetFilterMessage(IntPtr hwnd, Int32 msg, IntPtr wParam, IntPtr lParam, Boolean& handled)
   в MS.Win32.HwndWrapper.WndProc(IntPtr hwnd, Int32 msg, IntPtr wParam, IntPtr lParam, Boolean& handled)
   в MS.Win32.HwndSubclass.DispatcherCallbackOperation(Object o)
   в System.Windows.Threading.ExceptionWrapper.InternalRealCall(Delegate callback, Object args, Int32 numArgs)
   в System.Windows.Threading.ExceptionWrapper.TryCatchWhen(Object source, Delegate callback, Object args, Int32 numArgs, Delegate catchHandler) 
 Операционная система: Microsoft Windows NT 6.2.9200.0 
 Имеет 64-bit? — Да 
 Версия, используемой для программы, .NET Framework: 4.0.30319.42000 

[28.09.2019 21:30:43.522] [System.Uri.CreateThis()] System.UriFormatException: Недопустимый URI: Невозможно определить формат URI.
   в System.Uri.CreateThis(String uri, Boolean dontEscape, UriKind uriKind)
   в System.Uri..ctor(String uriString)
   в Olib.MainWindow.Button_Click(Object sender, RoutedEventArgs e) в E:\Olib\Olib\MainWindow.xaml.cs:строка 94
   в System.Windows.RoutedEventHandlerInfo.InvokeHandler(Object target, RoutedEventArgs routedEventArgs)
   в System.Windows.EventRoute.InvokeHandlersImpl(Object source, RoutedEventArgs args, Boolean reRaised)
   в System.Windows.UIElement.RaiseEventImpl(DependencyObject sender, RoutedEventArgs args)
   в System.Windows.UIElement.RaiseEvent(RoutedEventArgs e)
   в System.Windows.Controls.Primitives.ButtonBase.OnClick()
   в System.Windows.Controls.Button.OnClick()
   в System.Windows.Controls.Primitives.ButtonBase.OnMouseLeftButtonUp(MouseButtonEventArgs e)
   в System.Windows.UIElement.OnMouseLeftButtonUpThunk(Object sender, MouseButtonEventArgs e)
   в System.Windows.Input.MouseButtonEventArgs.InvokeEventHandler(Delegate genericHandler, Object genericTarget)
   в System.Windows.RoutedEventArgs.InvokeHandler(Delegate handler, Object target)
   в System.Windows.RoutedEventHandlerInfo.InvokeHandler(Object target, RoutedEventArgs routedEventArgs)
   в System.Windows.EventRoute.InvokeHandlersImpl(Object source, RoutedEventArgs args, Boolean reRaised)
   в System.Windows.UIElement.ReRaiseEventAs(DependencyObject sender, RoutedEventArgs args, RoutedEvent newEvent)
   в System.Windows.UIElement.OnMouseUpThunk(Object sender, MouseButtonEventArgs e)
   в System.Windows.Input.MouseButtonEventArgs.InvokeEventHandler(Delegate genericHandler, Object genericTarget)
   в System.Windows.RoutedEventArgs.InvokeHandler(Delegate handler, Object target)
   в System.Windows.RoutedEventHandlerInfo.InvokeHandler(Object target, RoutedEventArgs routedEventArgs)
   в System.Windows.EventRoute.InvokeHandlersImpl(Object source, RoutedEventArgs args, Boolean reRaised)
   в System.Windows.UIElement.RaiseEventImpl(DependencyObject sender, RoutedEventArgs args)
   в System.Windows.UIElement.RaiseTrustedEvent(RoutedEventArgs args)
   в System.Windows.UIElement.RaiseEvent(RoutedEventArgs args, Boolean trusted)
   в System.Windows.Input.InputManager.ProcessStagingArea()
   в System.Windows.Input.InputManager.ProcessInput(InputEventArgs input)
   в System.Windows.Input.InputProviderSite.ReportInput(InputReport inputReport)
   в System.Windows.Interop.HwndMouseInputProvider.ReportInput(IntPtr hwnd, InputMode mode, Int32 timestamp, RawMouseActions actions, Int32 x, Int32 y, Int32 wheel)
   в System.Windows.Interop.HwndMouseInputProvider.FilterMessage(IntPtr hwnd, WindowMessage msg, IntPtr wParam, IntPtr lParam, Boolean& handled)
   в System.Windows.Interop.HwndSource.InputFilterMessage(IntPtr hwnd, Int32 msg, IntPtr wParam, IntPtr lParam, Boolean& handled)
   в MS.Win32.HwndWrapper.WndProc(IntPtr hwnd, Int32 msg, IntPtr wParam, IntPtr lParam, Boolean& handled)
   в MS.Win32.HwndSubclass.DispatcherCallbackOperation(Object o)
   в System.Windows.Threading.ExceptionWrapper.InternalRealCall(Delegate callback, Object args, Int32 numArgs)
   в System.Windows.Threading.ExceptionWrapper.TryCatchWhen(Object source, Delegate callback, Object args, Int32 numArgs, Delegate catchHandler) 
 Операционная система: Microsoft Windows NT 6.2.9200.0 
 Имеет 64-bit? — Да 
 Версия, используемой для программы, .NET Framework: 4.0.30319.42000 

[28.09.2019 21:31:44.056] [Olib.MainWindow.Navigated()] System.InvalidCastException: Не удалось привести тип объекта "System.String" к типу "System.Windows.Controls.Page".
   в Olib.MainWindow.Navigated(Object sender, NavigationEventArgs e) в E:\Olib\Olib\MainWindow.xaml.cs:строка 48
   в System.Windows.Navigation.NavigationService.FireNavigated(Object navState)
   в System.Windows.Navigation.NavigationService.HandleNavigated(Object navState, Boolean navigatedToNewContent)
   в System.Windows.Navigation.NavigationService.MS.Internal.AppModel.IContentContainer.OnContentReady(ContentType contentType, Object bp, Uri bpu, Object navState)
   в System.Windows.Navigation.NavigationService.DoNavigate(Object bp, NavigationMode navFlags, Object navState)
   в System.Windows.Navigation.NavigateQueueItem.Dispatch(Object obj)
   в System.Windows.Threading.ExceptionWrapper.InternalRealCall(Delegate callback, Object args, Int32 numArgs)
   в System.Windows.Threading.ExceptionWrapper.TryCatchWhen(Object source, Delegate callback, Object args, Int32 numArgs, Delegate catchHandler) 
 Операционная система: Microsoft Windows NT 6.2.9200.0 
 Имеет 64-bit? — Да 
 Версия, используемой для программы, .NET Framework: 4.0.30319.42000 

