[04.08.2019 10:57:23.632] [System.Diagnostics.Process.StartWithShellExecuteEx()] System.ComponentModel.Win32Exception (0x80004005): Указанный исполняемый файл не является действительным приложением для этой операционной системы.
   в System.Diagnostics.Process.StartWithShellExecuteEx(ProcessStartInfo startInfo)
   в System.Diagnostics.Process.Start(ProcessStartInfo startInfo)
   в Jekyll.Info.Client_DownloadFileCompleted(Object sender, AsyncCompletedEventArgs e) в E:\Jekyll\Jekyll\Info.xaml.cs:строка 100
   в System.Net.WebClient.OnDownloadFileCompleted(AsyncCompletedEventArgs e)
   в System.Windows.Threading.ExceptionWrapper.InternalRealCall(Delegate callback, Object args, Int32 numArgs)
   в System.Windows.Threading.ExceptionWrapper.TryCatchWhen(Object source, Delegate callback, Object args, Int32 numArgs, Delegate catchHandler) 
 Операционная система: Microsoft Windows NT 6.2.9200.0 
 Имеет 64-bit? — Да 
 Версия, используемой для программы, .NET Framework: 4.0.30319.42000 

[04.08.2019 11:02:15.491] [System.Diagnostics.Process.StartWithShellExecuteEx()] System.ComponentModel.Win32Exception (0x80004005): Указанный исполняемый файл не является действительным приложением для этой операционной системы.
   в System.Diagnostics.Process.StartWithShellExecuteEx(ProcessStartInfo startInfo)
   в System.Diagnostics.Process.Start(ProcessStartInfo startInfo)
   в Jekyll.Info.Client_DownloadFileCompleted(Object sender, AsyncCompletedEventArgs e) в E:\Jekyll\Jekyll\Info.xaml.cs:строка 102
   в System.Net.WebClient.OnDownloadFileCompleted(AsyncCompletedEventArgs e)
   в System.Windows.Threading.ExceptionWrapper.InternalRealCall(Delegate callback, Object args, Int32 numArgs)
   в System.Windows.Threading.ExceptionWrapper.TryCatchWhen(Object source, Delegate callback, Object args, Int32 numArgs, Delegate catchHandler) 
 Операционная система: Microsoft Windows NT 6.2.9200.0 
 Имеет 64-bit? — Да 
 Версия, используемой для программы, .NET Framework: 4.0.30319.42000 

[04.08.2019 11:05:54.498] [System.Diagnostics.Process.StartWithShellExecuteEx()] System.ComponentModel.Win32Exception (0x80004005): Файл или папка повреждены. Чтение невозможно
   в System.Diagnostics.Process.StartWithShellExecuteEx(ProcessStartInfo startInfo)
   в System.Diagnostics.Process.Start(ProcessStartInfo startInfo)
   в Jekyll.Info.Client_DownloadFileCompleted(Object sender, AsyncCompletedEventArgs e) в E:\Jekyll\Jekyll\Info.xaml.cs:строка 100
   в System.Net.WebClient.OnDownloadFileCompleted(AsyncCompletedEventArgs e)
   в System.Windows.Threading.ExceptionWrapper.InternalRealCall(Delegate callback, Object args, Int32 numArgs)
   в System.Windows.Threading.ExceptionWrapper.TryCatchWhen(Object source, Delegate callback, Object args, Int32 numArgs, Delegate catchHandler) 
 Операционная система: Microsoft Windows NT 6.2.9200.0 
 Имеет 64-bit? — Да 
 Версия, используемой для программы, .NET Framework: 4.0.30319.42000 

[04.08.2019 11:06:28.723] [System.Diagnostics.Process.StartWithShellExecuteEx()] System.ComponentModel.Win32Exception (0x80004005): Файл или папка повреждены. Чтение невозможно
   в System.Diagnostics.Process.StartWithShellExecuteEx(ProcessStartInfo startInfo)
   в System.Diagnostics.Process.Start(ProcessStartInfo startInfo)
   в Jekyll.Info.Client_DownloadFileCompleted(Object sender, AsyncCompletedEventArgs e) в E:\Jekyll\Jekyll\Info.xaml.cs:строка 100
   в System.Net.WebClient.OnDownloadFileCompleted(AsyncCompletedEventArgs e)
   в System.Windows.Threading.ExceptionWrapper.InternalRealCall(Delegate callback, Object args, Int32 numArgs)
   в System.Windows.Threading.ExceptionWrapper.TryCatchWhen(Object source, Delegate callback, Object args, Int32 numArgs, Delegate catchHandler) 
 Операционная система: Microsoft Windows NT 6.2.9200.0 
 Имеет 64-bit? — Да 
 Версия, используемой для программы, .NET Framework: 4.0.30319.42000 

[04.08.2019 11:07:18.665] [System.Diagnostics.Process.StartWithShellExecuteEx()] System.ComponentModel.Win32Exception (0x80004005): Файл или папка повреждены. Чтение невозможно
   в System.Diagnostics.Process.StartWithShellExecuteEx(ProcessStartInfo startInfo)
   в System.Diagnostics.Process.Start(ProcessStartInfo startInfo)
   в Jekyll.Info.Client_DownloadFileCompleted(Object sender, AsyncCompletedEventArgs e) в E:\Jekyll\Jekyll\Info.xaml.cs:строка 100
   в System.Net.WebClient.OnDownloadFileCompleted(AsyncCompletedEventArgs e)
   в System.Windows.Threading.ExceptionWrapper.InternalRealCall(Delegate callback, Object args, Int32 numArgs)
   в System.Windows.Threading.ExceptionWrapper.TryCatchWhen(Object source, Delegate callback, Object args, Int32 numArgs, Delegate catchHandler) 
 Операционная система: Microsoft Windows NT 6.2.9200.0 
 Имеет 64-bit? — Да 
 Версия, используемой для программы, .NET Framework: 4.0.30319.42000 

[04.08.2019 11:07:41.420] [System.Diagnostics.Process.StartWithShellExecuteEx()] System.ComponentModel.Win32Exception (0x80004005): Файл или папка повреждены. Чтение невозможно
   в System.Diagnostics.Process.StartWithShellExecuteEx(ProcessStartInfo startInfo)
   в System.Diagnostics.Process.Start(ProcessStartInfo startInfo)
   в Jekyll.Info.Client_DownloadFileCompleted(Object sender, AsyncCompletedEventArgs e) в E:\Jekyll\Jekyll\Info.xaml.cs:строка 100
   в System.Net.WebClient.OnDownloadFileCompleted(AsyncCompletedEventArgs e)
   в System.Windows.Threading.ExceptionWrapper.InternalRealCall(Delegate callback, Object args, Int32 numArgs)
   в System.Windows.Threading.ExceptionWrapper.TryCatchWhen(Object source, Delegate callback, Object args, Int32 numArgs, Delegate catchHandler) 
 Операционная система: Microsoft Windows NT 6.2.9200.0 
 Имеет 64-bit? — Да 
 Версия, используемой для программы, .NET Framework: 4.0.30319.42000 

[04.08.2019 11:10:08.433] [System.Diagnostics.Process.StartWithShellExecuteEx()] System.ComponentModel.Win32Exception (0x80004005): Файл или папка повреждены. Чтение невозможно
   в System.Diagnostics.Process.StartWithShellExecuteEx(ProcessStartInfo startInfo)
   в System.Diagnostics.Process.Start(ProcessStartInfo startInfo)
   в Jekyll.Info.Client_DownloadFileCompleted(Object sender, AsyncCompletedEventArgs e) в E:\Jekyll\Jekyll\Info.xaml.cs:строка 98
   в System.Net.WebClient.OnDownloadFileCompleted(AsyncCompletedEventArgs e)
   в System.Windows.Threading.ExceptionWrapper.InternalRealCall(Delegate callback, Object args, Int32 numArgs)
   в System.Windows.Threading.ExceptionWrapper.TryCatchWhen(Object source, Delegate callback, Object args, Int32 numArgs, Delegate catchHandler) 
 Операционная система: Microsoft Windows NT 6.2.9200.0 
 Имеет 64-bit? — Да 
 Версия, используемой для программы, .NET Framework: 4.0.30319.42000 

[04.08.2019 11:11:49.617] [System.Diagnostics.Process.StartWithShellExecuteEx()] System.ComponentModel.Win32Exception (0x80004005): Указанный исполняемый файл не является действительным приложением для этой операционной системы.
   в System.Diagnostics.Process.StartWithShellExecuteEx(ProcessStartInfo startInfo)
   в System.Diagnostics.Process.Start(ProcessStartInfo startInfo)
   в Jekyll.Info.Client_DownloadFileCompleted(Object sender, AsyncCompletedEventArgs e) в E:\Jekyll\Jekyll\Info.xaml.cs:строка 98
   в System.Net.WebClient.OnDownloadFileCompleted(AsyncCompletedEventArgs e)
   в System.Windows.Threading.ExceptionWrapper.InternalRealCall(Delegate callback, Object args, Int32 numArgs)
   в System.Windows.Threading.ExceptionWrapper.TryCatchWhen(Object source, Delegate callback, Object args, Int32 numArgs, Delegate catchHandler) 
 Операционная система: Microsoft Windows NT 6.2.9200.0 
 Имеет 64-bit? — Да 
 Версия, используемой для программы, .NET Framework: 4.0.30319.42000 

